<?xml version="1.0" encoding="UTF-8"?>
<testsuite xmlns:xsi="http://www.w3.org/2001/XMLSchema-instance" xsi:noNamespaceSchemaLocation="https://maven.apache.org/surefire/maven-surefire-plugin/xsd/surefire-test-report.xsd" version="3.0.2" name="com.BaneseLabes.portal.PortalApplicationTests" time="5.764" tests="1" errors="0" skipped="0" failures="0">
  <properties>
[...]
</properties>
  <testcase name="contextLoads" classname="com.BaneseLabes.portal.PortalApplicationTests" time="1.078">
    <system-out><![CDATA[14:34:24.534 [main] INFO org.springframework.test.context.support.AnnotationConfigContextLoaderUtils -- Could not detect default configuration classes for test class [com.BaneseLabes.portal.PortalApplicationTests]: PortalApplicationTests does not declare any static, non-private, non-final, nested classes annotated with @Configuration.
14:34:24.752 [main] INFO org.springframework.boot.test.context.SpringBootTestContextBootstrapper -- Found @SpringBootConfiguration com.BaneseLabes.portal.PortalApplication for test class com.BaneseLabes.portal.PortalApplicationTests
14:34:25.044 [main] INFO org.springframework.boot.devtools.restart.RestartApplicationListener -- Restart disabled due to context in which it is running

  .   ____          _            __ _ _
 /\\ / ___'_ __ _ _(_)_ __  __ _ \ \ \ \
( ( )\___ | '_ | '_| | '_ \/ _` | \ \ \ \
 \\/  ___)| |_)| | | | | || (_| |  ) ) ) )
  '  |____| .__|_| |_|_| |_\__, | / / / /
 =========|_|==============|___/=/_/_/_/

 :: Spring Boot ::                (v3.4.5)

2025-06-23T14:34:25.471-03:00  INFO 17664 --- [portal] [           main] c.B.portal.PortalApplicationTests        : Starting PortalApplicationTests using Java 23.0.2 with PID 17664 (started by panysz in C:\Users\Paula Argolo\Downloads\BANESE\render\projeto05_portal_backend)
2025-06-23T14:34:25.472-03:00  INFO 17664 --- [portal] [           main] c.B.portal.PortalApplicationTests        : No active profile set, falling back to 1 default profile: "default"
2025-06-23T14:34:26.471-03:00  INFO 17664 --- [portal] [           main] .s.d.r.c.RepositoryConfigurationDelegate : Bootstrapping Spring Data MongoDB repositories in DEFAULT mode.
2025-06-23T14:34:26.560-03:00  INFO 17664 --- [portal] [           main] .s.d.r.c.RepositoryConfigurationDelegate : Finished Spring Data repository scanning in 77 ms. Found 1 MongoDB repository interface.
2025-06-23T14:34:27.309-03:00  INFO 17664 --- [portal] [           main] org.mongodb.driver.client                : MongoClient with metadata {"driver": {"name": "mongo-java-driver|sync|spring-boot", "version": "5.2.1"}, "os": {"type": "Windows", "name": "Windows 11", "architecture": "amd64", "version": "10.0"}, "platform": "Java/Oracle Corporation/23.0.2+7-58"} created with settings MongoClientSettings{readPreference=primary, writeConcern=WriteConcern{w=majority, wTimeout=null ms, journal=null}, retryWrites=true, retryReads=true, readConcern=ReadConcern{level=null}, credential=MongoCredential{mechanism=null, userName='embarcados', source='admin', password=<hidden>, mechanismProperties=<hidden>}, transportSettings=null, commandListeners=[], codecRegistry=ProvidersCodecRegistry{codecProviders=[ValueCodecProvider{}, BsonValueCodecProvider{}, DBRefCodecProvider{}, DBObjectCodecProvider{}, DocumentCodecProvider{}, CollectionCodecProvider{}, IterableCodecProvider{}, MapCodecProvider{}, GeoJsonCodecProvider{}, GridFSFileCodecProvider{}, Jsr310CodecProvider{}, JsonObjectCodecProvider{}, BsonCodecProvider{}, EnumCodecProvider{}, com.mongodb.client.model.mql.ExpressionCodecProvider@46fb0c33, com.mongodb.Jep395RecordCodecProvider@3b009e7b, com.mongodb.KotlinCodecProvider@270a620]}, loggerSettings=LoggerSettings{maxDocumentLength=1000}, clusterSettings={hosts=[127.0.0.1:27017], srvHost=cluster0.nfb9s.mongodb.net, srvServiceName=mongodb, mode=MULTIPLE, requiredClusterType=REPLICA_SET, requiredReplicaSetName='atlas-df8wab-shard-0', serverSelector='null', clusterListeners='[]', serverSelectionTimeout='30000 ms', localThreshold='15 ms'}, socketSettings=SocketSettings{connectTimeoutMS=10000, readTimeoutMS=0, receiveBufferSize=0, proxySettings=ProxySettings{host=null, port=null, username=null, password=null}}, heartbeatSocketSettings=SocketSettings{connectTimeoutMS=10000, readTimeoutMS=10000, receiveBufferSize=0, proxySettings=ProxySettings{host=null, port=null, username=null, password=null}}, connectionPoolSettings=ConnectionPoolSettings{maxSize=100, minSize=0, maxWaitTimeMS=120000, maxConnectionLifeTimeMS=0, maxConnectionIdleTimeMS=0, maintenanceInitialDelayMS=0, maintenanceFrequencyMS=60000, connectionPoolListeners=[], maxConnecting=2}, serverSettings=ServerSettings{heartbeatFrequencyMS=10000, minHeartbeatFrequencyMS=500, serverMonitoringMode=AUTO, serverListeners='[]', serverMonitorListeners='[]'}, sslSettings=SslSettings{enabled=true, invalidHostNameAllowed=false, context=null}, applicationName='null', compressorList=[], uuidRepresentation=JAVA_LEGACY, serverApi=null, autoEncryptionSettings=null, dnsClient=null, inetAddressResolver=null, contextProvider=null, timeoutMS=null}
2025-06-23T14:34:27.353-03:00  INFO 17664 --- [portal] [b9s.mongodb.net] org.mongodb.driver.cluster               : Adding discovered server cluster0-shard-00-01.nfb9s.mongodb.net:27017 to client view of cluster
2025-06-23T14:34:27.396-03:00  INFO 17664 --- [portal] [b9s.mongodb.net] org.mongodb.driver.cluster               : Adding discovered server cluster0-shard-00-02.nfb9s.mongodb.net:27017 to client view of cluster
2025-06-23T14:34:27.399-03:00  INFO 17664 --- [portal] [b9s.mongodb.net] org.mongodb.driver.cluster               : Adding discovered server cluster0-shard-00-00.nfb9s.mongodb.net:27017 to client view of cluster
2025-06-23T14:34:27.926-03:00  INFO 17664 --- [portal] [           main] r$InitializeUserDetailsManagerConfigurer : Global AuthenticationManager configured with UserDetailsService bean with name userDetailsServiceImpl
2025-06-23T14:34:28.092-03:00  INFO 17664 --- [portal] [ngodb.net:27017] org.mongodb.driver.cluster               : Monitor thread successfully connected to server with description ServerDescription{address=cluster0-shard-00-00.nfb9s.mongodb.net:27017, type=REPLICA_SET_SECONDARY, cryptd=false, state=CONNECTED, ok=true, minWireVersion=0, maxWireVersion=25, maxDocumentSize=16777216, logicalSessionTimeoutMinutes=30, roundTripTimeNanos=393447600, minRoundTripTimeNanos=0, setName='atlas-df8wab-shard-0', canonicalAddress=cluster0-shard-00-00.nfb9s.mongodb.net:27017, hosts=[cluster0-shard-00-00.nfb9s.mongodb.net:27017, cluster0-shard-00-01.nfb9s.mongodb.net:27017, cluster0-shard-00-02.nfb9s.mongodb.net:27017], passives=[], arbiters=[], primary='cluster0-shard-00-02.nfb9s.mongodb.net:27017', tagSet=TagSet{[Tag{name='availabilityZone', value='sae1-az1'}, Tag{name='diskState', value='READY'}, Tag{name='nodeType', value='ELECTABLE'}, Tag{name='provider', value='AWS'}, Tag{name='region', value='SA_EAST_1'}, Tag{name='workloadType', value='OPERATIONAL'}]}, electionId=null, setVersion=1, topologyVersion=TopologyVersion{processId=6852ca4b0e6976cc013701d9, counter=4}, lastWriteDate=Mon Jun 23 14:34:27 GMT-03:00 2025, lastUpdateTimeNanos=2134066345455400}
2025-06-23T14:34:28.092-03:00  INFO 17664 --- [portal] [ngodb.net:27017] org.mongodb.driver.cluster               : Monitor thread successfully connected to server with description ServerDescription{address=cluster0-shard-00-01.nfb9s.mongodb.net:27017, type=REPLICA_SET_SECONDARY, cryptd=false, state=CONNECTED, ok=true, minWireVersion=0, maxWireVersion=25, maxDocumentSize=16777216, logicalSessionTimeoutMinutes=30, roundTripTimeNanos=382674400, minRoundTripTimeNanos=0, setName='atlas-df8wab-shard-0', canonicalAddress=cluster0-shard-00-01.nfb9s.mongodb.net:27017, hosts=[cluster0-shard-00-00.nfb9s.mongodb.net:27017, cluster0-shard-00-01.nfb9s.mongodb.net:27017, cluster0-shard-00-02.nfb9s.mongodb.net:27017], passives=[], arbiters=[], primary='cluster0-shard-00-02.nfb9s.mongodb.net:27017', tagSet=TagSet{[Tag{name='availabilityZone', value='sae1-az3'}, Tag{name='diskState', value='READY'}, Tag{name='nodeType', value='ELECTABLE'}, Tag{name='provider', value='AWS'}, Tag{name='region', value='SA_EAST_1'}, Tag{name='workloadType', value='OPERATIONAL'}]}, electionId=null, setVersion=1, topologyVersion=TopologyVersion{processId=6852cf3a14d68841bdbccf7b, counter=3}, lastWriteDate=Mon Jun 23 14:34:27 GMT-03:00 2025, lastUpdateTimeNanos=2134066345455400}
2025-06-23T14:34:28.092-03:00  INFO 17664 --- [portal] [ngodb.net:27017] org.mongodb.driver.cluster               : Monitor thread successfully connected to server with description ServerDescription{address=cluster0-shard-00-02.nfb9s.mongodb.net:27017, type=REPLICA_SET_PRIMARY, cryptd=false, state=CONNECTED, ok=true, minWireVersion=0, maxWireVersion=25, maxDocumentSize=16777216, logicalSessionTimeoutMinutes=30, roundTripTimeNanos=380809600, minRoundTripTimeNanos=0, setName='atlas-df8wab-shard-0', canonicalAddress=cluster0-shard-00-02.nfb9s.mongodb.net:27017, hosts=[cluster0-shard-00-00.nfb9s.mongodb.net:27017, cluster0-shard-00-01.nfb9s.mongodb.net:27017, cluster0-shard-00-02.nfb9s.mongodb.net:27017], passives=[], arbiters=[], primary='cluster0-shard-00-02.nfb9s.mongodb.net:27017', tagSet=TagSet{[Tag{name='availabilityZone', value='sae1-az2'}, Tag{name='diskState', value='READY'}, Tag{name='nodeType', value='ELECTABLE'}, Tag{name='provider', value='AWS'}, Tag{name='region', value='SA_EAST_1'}, Tag{name='workloadType', value='OPERATIONAL'}]}, electionId=7fffffff0000000000000019, setVersion=1, topologyVersion=TopologyVersion{processId=6852ccf314cc5484e37083ce, counter=6}, lastWriteDate=Mon Jun 23 14:34:27 GMT-03:00 2025, lastUpdateTimeNanos=2134066345455400}
2025-06-23T14:34:28.099-03:00  INFO 17664 --- [portal] [ngodb.net:27017] org.mongodb.driver.cluster               : Discovered replica set primary cluster0-shard-00-02.nfb9s.mongodb.net:27017 with max election id 7fffffff0000000000000019 and max set version 1
2025-06-23T14:34:28.954-03:00  INFO 17664 --- [portal] [           main] c.B.portal.PortalApplicationTests        : Started PortalApplicationTests in 3.939 seconds (process running for 5.383)
]]></system-out>
    <system-err><![CDATA[Mockito is currently self-attaching to enable the inline-mock-maker. This will no longer work in future releases of the JDK. Please add Mockito as an agent to your build what is described in Mockito's documentation: https://javadoc.io/doc/org.mockito/mockito-core/latest/org/mockito/Mockito.html#0.3
WARNING: A Java agent has been loaded dynamically (C:\Users\Paula Argolo\.m2\repository\net\bytebuddy\byte-buddy-agent\1.15.11\byte-buddy-agent-1.15.11.jar)
WARNING: If a serviceability tool is in use, please run with -XX:+EnableDynamicAgentLoading to hide this warning
WARNING: If a serviceability tool is not in use, please run with -Djdk.instrument.traceUsage for more information
WARNING: Dynamic loading of agents will be disallowed by default in a future release
]]></system-err>
  </testcase>
</testsuite>